Connected to QM1 on localhost:1414 via DEV.APP.SVRCONN
Opened reply queue: NETDATA.PCF.REPLY
Sent MQCMD_INQUIRE_Q command

=== MQCMD_INQUIRE_Q Response for: TEST.QUEUE1.943 ===
CompCode=0, Reason=0, Parameters=63

=== Attributes ===
[  1] INTEGER: MQIA_Q_TYPE                    (  20) = 1
[  2] INTEGER: MQIA_CURRENT_Q_DEPTH           (   3) = 13
[  3] INTEGER: MQIA_INHIBIT_PUT               (  25) = 0
[  4] INTEGER: MQIA_INHIBIT_GET               (  24) = 0
[  5] INTEGER: MQIA_DEF_PRIORITY               (   6) = 0
[  6] INTEGER: MQIA_DEF_PERSISTENCE            (   5) = 0
[  7] INTEGER: MQIA_DEF_INPUT_OPEN_OPTION      (   4) = 1
[  8] INTEGER: MQIA_SHAREABILITY               (  23) = 1
[  9] INTEGER: MQIA_BACKOUT_THRESHOLD          (  22) = 0
[ 10] INTEGER: MQIA_MSG_DELIVERY_SEQUENCE      (  26) = 0
[ 11] INTEGER: MQIA_RETENTION_INTERVAL         (  27) = 999999999
[ 12] INTEGER: MQIA_TRIGGER_CONTROL            (  10) = 0
[ 13] INTEGER: MQIA_TRIGGER_TYPE              (  11) = 0
[ 14] INTEGER: MQIA_TRIGGER_MSG_PRIORITY       (  12) = 0
[ 15] INTEGER: MQIA_TRIGGER_DEPTH             (  13) = 1
[ 16] INTEGER: MQIA_OPEN_INPUT_COUNT           (  17) = 0
[ 17] INTEGER: MQIA_OPEN_OUTPUT_COUNT          (  18) = 0
[ 18] INTEGER: MQIA_USAGE                      (  57) = 0
[ 19] INTEGER: MQIA_Q_DEPTH_HIGH_LIMIT         (  40) = 80
[ 20] INTEGER: MQIA_Q_DEPTH_LOW_LIMIT          (  41) = 20
[ 21] INTEGER: MQIA_Q_SERVICE_INTERVAL         (  54) = 999999999
[ 22] INTEGER: MQIA_Q_SERVICE_INTERVAL_EVENT   (  46) = 0
[ 23] INTEGER: MQIA_Q_DEPTH_MAX_EVENT          (  42) = 1
[ 24] INTEGER: MQIA_Q_DEPTH_HIGH_EVENT         (  43) = 0
[ 25] INTEGER: MQIA_Q_DEPTH_LOW_EVENT          (  44) = 0
[ 26] INTEGER: MQIA_MAX_Q_DEPTH                (  34) = 5000
[ 27] INTEGER: MQIA_MAX_MSG_LENGTH             (  33) = 4194304
[ 28] INTEGER: MQIA_DIST_LISTS                 (  58) = 0
[ 29] INTEGER: MQIA_INDEX_TYPE                 (  71) = 0
[ 30] INTEGER: MQIA_DEF_BIND                   (  61) = 0
[ 31] INTEGER: MQIA_DEF_PUT_RESPONSE_TYPE      (  63) = 1
[ 32] INTEGER: MQIA_HARDEN_GET_BACKOUT         (  98) = 0
[ 33] INTEGER: MQIA_NPM_CLASS                  ( 103) = 0
[ 34] INTEGER: MQIA_DEF_READ_AHEAD             ( 111) = 0
[ 35] INTEGER: MQIA_PROPERTY_CONTROL           ( 112) = 0
[ 36] INTEGER: MQIA_BASE_TYPE                  ( 115) = 1
[ 37] INTEGER: MQIA_CLWL_Q_RANK                (  95) = 0
[ 38] INTEGER: MQIA_CLWL_Q_PRIORITY            (  96) = 0
[ 39] INTEGER: MQIA_CLWL_USEQ                  (  60) = 0
[ 40] INTEGER: MQIA_SCOPE                      (  45) = 1
[ 41] INTEGER: MQIA_ACCOUNTING_Q               ( 107) = -3
[ 42] INTEGER: MQIA_MONITORING_Q               ( 109) = -3
[ 43] INTEGER: MQIA_STATISTICS_Q               ( 111) = -3
[ 44] INTEGER: UNKNOWN_ATTR_1226               (1226) = 1
[ 45] INTEGER: UNKNOWN_ATTR_1227               (1227) = 0
[ 46] INTEGER: UNKNOWN_ATTR_1228               (1228) = 0
[ 47] INTEGER: UNKNOWN_ATTR_1229               (1229) = 0
[ 48] INTEGER: UNKNOWN_ATTR_1235               (1235) = 0
[ 49] INTEGER: UNKNOWN_ATTR_1236               (1236) = 0
[ 50] INTEGER: UNKNOWN_ATTR_1237               (1237) = 0
[ 51] INTEGER: UNKNOWN_ATTR_1238               (1238) = 0
[ 52] INTEGER: UNKNOWN_ATTR_1239               (1239) = 0
[ 53] INTEGER: UNKNOWN_ATTR_1240               (1240) = 0
[ 54] INTEGER: UNKNOWN_ATTR_1241               (1241) = 0
[ 55] INTEGER: UNKNOWN_ATTR_1242               (1242) = 0
[ 56] INTEGER: UNKNOWN_ATTR_1243               (1243) = 0
[ 57] STRING:  MQCA_Q_NAME                     (2016) = 'TEST.QUEUE1.943'
[ 58] STRING:  MQCA_Q_DESC                     (2013) = ''
[ 59] STRING:  MQCA_TRIGGER_DATA               (2017) = ''
[ 60] STRING:  MQCA_BASE_Q_NAME                (2002) = ''
[ 61] STRING:  MQCA_CREATION_DATE              (2004) = '2025-07-01'
[ 62] STRING:  MQCA_CREATION_TIME              (2005) = '09:15:23'
[ 63] STRING:  MQCA_ALTERATION_DATE            (2027) = '2025-07-01'
[ 64] STRING:  MQCA_ALTERATION_TIME            (2028) = '09:15:23'

=== Summary ===
Total attributes: 63
  Integer attributes: 56
  String attributes: 7